[2019-02-16 00:08:23] local.ERROR: The resource owner or authorization server denied the request. {"exception":"[object] (League\\OAuth2\\Server\\Exception\\OAuthServerException(code: 9): The resource owner or authorization server denied the request. at C:\\Users\\marll\\OneDrive\\Área de Trabalho\\Trabalho Final\\Alugae\\vendor\\league\\oauth2-server\\src\\Exception\\OAuthServerException.php:215)
[stacktrace]
#0 C:\\Users\\marll\\OneDrive\\Área de Trabalho\\Trabalho Final\\Alugae\\vendor\\league\\oauth2-server\\src\\AuthorizationValidators\\BearerTokenValidator.php(89): League\\OAuth2\\Server\\Exception\\OAuthServerException::accessDenied('Access token ha...')
#1 C:\\Users\\marll\\OneDrive\\Área de Trabalho\\Trabalho Final\\Alugae\\vendor\\league\\oauth2-server\\src\\ResourceServer.php(84): League\\OAuth2\\Server\\AuthorizationValidators\\BearerTokenValidator->validateAuthorization(Object(Zend\\Diactoros\\ServerRequest))
#2 C:\\Users\\marll\\OneDrive\\Área de Trabalho\\Trabalho Final\\Alugae\\vendor\\laravel\\passport\\src\\Guards\\TokenGuard.php(174): League\\OAuth2\\Server\\ResourceServer->validateAuthenticatedRequest(Object(Zend\\Diactoros\\ServerRequest))
#3 C:\\Users\\marll\\OneDrive\\Área de Trabalho\\Trabalho Final\\Alugae\\vendor\\laravel\\passport\\src\\Guards\\TokenGuard.php(126): Laravel\\Passport\\Guards\\TokenGuard->getPsrRequestViaBearerToken(Object(Illuminate\\Http\\Request))
#4 C:\\Users\\marll\\OneDrive\\Área de Trabalho\\Trabalho Final\\Alugae\\vendor\\laravel\\passport\\src\\Guards\\TokenGuard.php(89): Laravel\\Passport\\Guards\\TokenGuard->authenticateViaBearerToken(Object(Illuminate\\Http\\Request))
#5 C:\\Users\\marll\\OneDrive\\Área de Trabalho\\Trabalho Final\\Alugae\\vendor\\laravel\\passport\\src\\PassportServiceProvider.php(274): Laravel\\Passport\\Guards\\TokenGuard->user(Object(Illuminate\\Http\\Request))
#6 [internal function]: Laravel\\Passport\\PassportServiceProvider->Laravel\\Passport\\{closure}(Object(Illuminate\\Http\\Request), NULL)
#7 C:\\Users\\marll\\OneDrive\\Área de Trabalho\\Trabalho Final\\Alugae\\vendor\\laravel\\framework\\src\\Illuminate\\Auth\\RequestGuard.php(58): call_user_func(Object(Closure), Object(Illuminate\\Http\\Request), NULL)
#8 C:\\Users\\marll\\OneDrive\\Área de Trabalho\\Trabalho Final\\Alugae\\vendor\\laravel\\framework\\src\\Illuminate\\Auth\\GuardHelpers.php(60): Illuminate\\Auth\\RequestGuard->user()
#9 C:\\Users\\marll\\OneDrive\\Área de Trabalho\\Trabalho Final\\Alugae\\vendor\\laravel\\framework\\src\\Illuminate\\Auth\\Middleware\\Authenticate.php(62): Illuminate\\Auth\\RequestGuard->check()
#10 C:\\Users\\marll\\OneDrive\\Área de Trabalho\\Trabalho Final\\Alugae\\vendor\\laravel\\framework\\src\\Illuminate\\Auth\\Middleware\\Authenticate.php(41): Illuminate\\Auth\\Middleware\\Authenticate->authenticate(Object(Illuminate\\Http\\Request), Array)
#11 C:\\Users\\marll\\OneDrive\\Área de Trabalho\\Trabalho Final\\Alugae\\vendor\\laravel\\framework\\src\\Illuminate\\Pipeline\\Pipeline.php(163): Illuminate\\Auth\\Middleware\\Authenticate->handle(Object(Illuminate\\Http\\Request), Object(Closure), 'api')
#12 C:\\Users\\marll\\OneDrive\\Área de Trabalho\\Trabalho Final\\Alugae\\vendor\\laravel\\framework\\src\\Illuminate\\Routing\\Pipeline.php(53): Illuminate\\Pipeline\\Pipeline->Illuminate\\Pipeline\\{closure}(Object(Illuminate\\Http\\Request))
#13 C:\\Users\\marll\\OneDrive\\Área de Trabalho\\Trabalho Final\\Alugae\\vendor\\laravel\\framework\\src\\Illuminate\\Routing\\Middleware\\ThrottleRequests.php(58): Illuminate\\Routing\\Pipeline->Illuminate\\Routing\\{closure}(Object(Illuminate\\Http\\Request))
#14 C:\\Users\\marll\\OneDrive\\Área de Trabalho\\Trabalho Final\\Alugae\\vendor\\laravel\\framework\\src\\Illuminate\\Pipeline\\Pipeline.php(163): Illuminate\\Routing\\Middleware\\ThrottleRequests->handle(Object(Illuminate\\Http\\Request), Object(Closure), 60, '1')
#15 C:\\Users\\marll\\OneDrive\\Área de Trabalho\\Trabalho Final\\Alugae\\vendor\\laravel\\framework\\src\\Illuminate\\Routing\\Pipeline.php(53): Illuminate\\Pipeline\\Pipeline->Illuminate\\Pipeline\\{closure}(Object(Illuminate\\Http\\Request))
#16 C:\\Users\\marll\\OneDrive\\Área de Trabalho\\Trabalho Final\\Alugae\\vendor\\laravel\\framework\\src\\Illuminate\\Pipeline\\Pipeline.php(104): Illuminate\\Routing\\Pipeline->Illuminate\\Routing\\{closure}(Object(Illuminate\\Http\\Request))
#17 C:\\Users\\marll\\OneDrive\\Área de Trabalho\\Trabalho Final\\Alugae\\vendor\\laravel\\framework\\src\\Illuminate\\Routing\\Router.php(684): Illuminate\\Pipeline\\Pipeline->then(Object(Closure))
#18 C:\\Users\\marll\\OneDrive\\Área de Trabalho\\Trabalho Final\\Alugae\\vendor\\laravel\\framework\\src\\Illuminate\\Routing\\Router.php(659): Illuminate\\Routing\\Router->runRouteWithinStack(Object(Illuminate\\Routing\\Route), Object(Illuminate\\Http\\Request))
#19 C:\\Users\\marll\\OneDrive\\Área de Trabalho\\Trabalho Final\\Alugae\\vendor\\laravel\\framework\\src\\Illuminate\\Routing\\Router.php(625): Illuminate\\Routing\\Router->runRoute(Object(Illuminate\\Http\\Request), Object(Illuminate\\Routing\\Route))
#20 C:\\Users\\marll\\OneDrive\\Área de Trabalho\\Trabalho Final\\Alugae\\vendor\\laravel\\framework\\src\\Illuminate\\Routing\\Router.php(614): Illuminate\\Routing\\Router->dispatchToRoute(Object(Illuminate\\Http\\Request))
#21 C:\\Users\\marll\\OneDrive\\Área de Trabalho\\Trabalho Final\\Alugae\\vendor\\laravel\\framework\\src\\Illuminate\\Foundation\\Http\\Kernel.php(176): Illuminate\\Routing\\Router->dispatch(Object(Illuminate\\Http\\Request))
#22 C:\\Users\\marll\\OneDrive\\Área de Trabalho\\Trabalho Final\\Alugae\\vendor\\laravel\\framework\\src\\Illuminate\\Routing\\Pipeline.php(30): Illuminate\\Foundation\\Http\\Kernel->Illuminate\\Foundation\\Http\\{closure}(Object(Illuminate\\Http\\Request))
#23 C:\\Users\\marll\\OneDrive\\Área de Trabalho\\Trabalho Final\\Alugae\\vendor\\fideloper\\proxy\\src\\TrustProxies.php(57): Illuminate\\Routing\\Pipeline->Illuminate\\Routing\\{closure}(Object(Illuminate\\Http\\Request))
#24 C:\\Users\\marll\\OneDrive\\Área de Trabalho\\Trabalho Final\\Alugae\\vendor\\laravel\\framework\\src\\Illuminate\\Pipeline\\Pipeline.php(163): Fideloper\\Proxy\\TrustProxies->handle(Object(Illuminate\\Http\\Request), Object(Closure))
#25 C:\\Users\\marll\\OneDrive\\Área de Trabalho\\Trabalho Final\\Alugae\\vendor\\laravel\\framework\\src\\Illuminate\\Routing\\Pipeline.php(53): Illuminate\\Pipeline\\Pipeline->Illuminate\\Pipeline\\{closure}(Object(Illuminate\\Http\\Request))
#26 C:\\Users\\marll\\OneDrive\\Área de Trabalho\\Trabalho Final\\Alugae\\vendor\\laravel\\framework\\src\\Illuminate\\Foundation\\Http\\Middleware\\TransformsRequest.php(31): Illuminate\\Routing\\Pipeline->Illuminate\\Routing\\{closure}(Object(Illuminate\\Http\\Request))
#27 C:\\Users\\marll\\OneDrive\\Área de Trabalho\\Trabalho Final\\Alugae\\vendor\\laravel\\framework\\src\\Illuminate\\Pipeline\\Pipeline.php(163): Illuminate\\Foundation\\Http\\Middleware\\TransformsRequest->handle(Object(Illuminate\\Http\\Request), Object(Closure))
#28 C:\\Users\\marll\\OneDrive\\Área de Trabalho\\Trabalho Final\\Alugae\\vendor\\laravel\\framework\\src\\Illuminate\\Routing\\Pipeline.php(53): Illuminate\\Pipeline\\Pipeline->Illuminate\\Pipeline\\{closure}(Object(Illuminate\\Http\\Request))
#29 C:\\Users\\marll\\OneDrive\\Área de Trabalho\\Trabalho Final\\Alugae\\vendor\\laravel\\framework\\src\\Illuminate\\Foundation\\Http\\Middleware\\TransformsRequest.php(31): Illuminate\\Routing\\Pipeline->Illuminate\\Routing\\{closure}(Object(Illuminate\\Http\\Request))
#30 C:\\Users\\marll\\OneDrive\\Área de Trabalho\\Trabalho Final\\Alugae\\vendor\\laravel\\framework\\src\\Illuminate\\Pipeline\\Pipeline.php(163): Illuminate\\Foundation\\Http\\Middleware\\TransformsRequest->handle(Object(Illuminate\\Http\\Request), Object(Closure))
#31 C:\\Users\\marll\\OneDrive\\Área de Trabalho\\Trabalho Final\\Alugae\\vendor\\laravel\\framework\\src\\Illuminate\\Routing\\Pipeline.php(53): Illuminate\\Pipeline\\Pipeline->Illuminate\\Pipeline\\{closure}(Object(Illuminate\\Http\\Request))
#32 C:\\Users\\marll\\OneDrive\\Área de Trabalho\\Trabalho Final\\Alugae\\vendor\\laravel\\framework\\src\\Illuminate\\Foundation\\Http\\Middleware\\ValidatePostSize.php(27): Illuminate\\Routing\\Pipeline->Illuminate\\Routing\\{closure}(Object(Illuminate\\Http\\Request))
#33 C:\\Users\\marll\\OneDrive\\Área de Trabalho\\Trabalho Final\\Alugae\\vendor\\laravel\\framework\\src\\Illuminate\\Pipeline\\Pipeline.php(163): Illuminate\\Foundation\\Http\\Middleware\\ValidatePostSize->handle(Object(Illuminate\\Http\\Request), Object(Closure))
#34 C:\\Users\\marll\\OneDrive\\Área de Trabalho\\Trabalho Final\\Alugae\\vendor\\laravel\\framework\\src\\Illuminate\\Routing\\Pipeline.php(53): Illuminate\\Pipeline\\Pipeline->Illuminate\\Pipeline\\{closure}(Object(Illuminate\\Http\\Request))
#35 C:\\Users\\marll\\OneDrive\\Área de Trabalho\\Trabalho Final\\Alugae\\vendor\\laravel\\framework\\src\\Illuminate\\Foundation\\Http\\Middleware\\CheckForMaintenanceMode.php(62): Illuminate\\Routing\\Pipeline->Illuminate\\Routing\\{closure}(Object(Illuminate\\Http\\Request))
#36 C:\\Users\\marll\\OneDrive\\Área de Trabalho\\Trabalho Final\\Alugae\\vendor\\laravel\\framework\\src\\Illuminate\\Pipeline\\Pipeline.php(163): Illuminate\\Foundation\\Http\\Middleware\\CheckForMaintenanceMode->handle(Object(Illuminate\\Http\\Request), Object(Closure))
#37 C:\\Users\\marll\\OneDrive\\Área de Trabalho\\Trabalho Final\\Alugae\\vendor\\laravel\\framework\\src\\Illuminate\\Routing\\Pipeline.php(53): Illuminate\\Pipeline\\Pipeline->Illuminate\\Pipeline\\{closure}(Object(Illuminate\\Http\\Request))
#38 C:\\Users\\marll\\OneDrive\\Área de Trabalho\\Trabalho Final\\Alugae\\vendor\\laravel\\framework\\src\\Illuminate\\Pipeline\\Pipeline.php(104): Illuminate\\Routing\\Pipeline->Illuminate\\Routing\\{closure}(Object(Illuminate\\Http\\Request))
#39 C:\\Users\\marll\\OneDrive\\Área de Trabalho\\Trabalho Final\\Alugae\\vendor\\laravel\\framework\\src\\Illuminate\\Foundation\\Http\\Kernel.php(151): Illuminate\\Pipeline\\Pipeline->then(Object(Closure))
#40 C:\\Users\\marll\\OneDrive\\Área de Trabalho\\Trabalho Final\\Alugae\\vendor\\laravel\\framework\\src\\Illuminate\\Foundation\\Http\\Kernel.php(116): Illuminate\\Foundation\\Http\\Kernel->sendRequestThroughRouter(Object(Illuminate\\Http\\Request))
#41 C:\\Users\\marll\\OneDrive\\Área de Trabalho\\Trabalho Final\\Alugae\\public\\index.php(55): Illuminate\\Foundation\\Http\\Kernel->handle(Object(Illuminate\\Http\\Request))
#42 C:\\Users\\marll\\OneDrive\\Área de Trabalho\\Trabalho Final\\Alugae\\server.php(21): require_once('C:\\\\Users\\\\marll\\\\...')
#43 {main}
"} 
[2019-02-16 00:08:47] local.ERROR: The resource owner or authorization server denied the request. {"exception":"[object] (League\\OAuth2\\Server\\Exception\\OAuthServerException(code: 9): The resource owner or authorization server denied the request. at C:\\Users\\marll\\OneDrive\\Área de Trabalho\\Trabalho Final\\Alugae\\vendor\\league\\oauth2-server\\src\\Exception\\OAuthServerException.php:215)
[stacktrace]
#0 C:\\Users\\marll\\OneDrive\\Área de Trabalho\\Trabalho Final\\Alugae\\vendor\\league\\oauth2-server\\src\\AuthorizationValidators\\BearerTokenValidator.php(89): League\\OAuth2\\Server\\Exception\\OAuthServerException::accessDenied('Access token ha...')
#1 C:\\Users\\marll\\OneDrive\\Área de Trabalho\\Trabalho Final\\Alugae\\vendor\\league\\oauth2-server\\src\\ResourceServer.php(84): League\\OAuth2\\Server\\AuthorizationValidators\\BearerTokenValidator->validateAuthorization(Object(Zend\\Diactoros\\ServerRequest))
#2 C:\\Users\\marll\\OneDrive\\Área de Trabalho\\Trabalho Final\\Alugae\\vendor\\laravel\\passport\\src\\Guards\\TokenGuard.php(174): League\\OAuth2\\Server\\ResourceServer->validateAuthenticatedRequest(Object(Zend\\Diactoros\\ServerRequest))
#3 C:\\Users\\marll\\OneDrive\\Área de Trabalho\\Trabalho Final\\Alugae\\vendor\\laravel\\passport\\src\\Guards\\TokenGuard.php(126): Laravel\\Passport\\Guards\\TokenGuard->getPsrRequestViaBearerToken(Object(Illuminate\\Http\\Request))
#4 C:\\Users\\marll\\OneDrive\\Área de Trabalho\\Trabalho Final\\Alugae\\vendor\\laravel\\passport\\src\\Guards\\TokenGuard.php(89): Laravel\\Passport\\Guards\\TokenGuard->authenticateViaBearerToken(Object(Illuminate\\Http\\Request))
#5 C:\\Users\\marll\\OneDrive\\Área de Trabalho\\Trabalho Final\\Alugae\\vendor\\laravel\\passport\\src\\PassportServiceProvider.php(274): Laravel\\Passport\\Guards\\TokenGuard->user(Object(Illuminate\\Http\\Request))
#6 [internal function]: Laravel\\Passport\\PassportServiceProvider->Laravel\\Passport\\{closure}(Object(Illuminate\\Http\\Request), NULL)
#7 C:\\Users\\marll\\OneDrive\\Área de Trabalho\\Trabalho Final\\Alugae\\vendor\\laravel\\framework\\src\\Illuminate\\Auth\\RequestGuard.php(58): call_user_func(Object(Closure), Object(Illuminate\\Http\\Request), NULL)
#8 C:\\Users\\marll\\OneDrive\\Área de Trabalho\\Trabalho Final\\Alugae\\vendor\\laravel\\framework\\src\\Illuminate\\Auth\\GuardHelpers.php(60): Illuminate\\Auth\\RequestGuard->user()
#9 C:\\Users\\marll\\OneDrive\\Área de Trabalho\\Trabalho Final\\Alugae\\vendor\\laravel\\framework\\src\\Illuminate\\Auth\\Middleware\\Authenticate.php(62): Illuminate\\Auth\\RequestGuard->check()
#10 C:\\Users\\marll\\OneDrive\\Área de Trabalho\\Trabalho Final\\Alugae\\vendor\\laravel\\framework\\src\\Illuminate\\Auth\\Middleware\\Authenticate.php(41): Illuminate\\Auth\\Middleware\\Authenticate->authenticate(Object(Illuminate\\Http\\Request), Array)
#11 C:\\Users\\marll\\OneDrive\\Área de Trabalho\\Trabalho Final\\Alugae\\vendor\\laravel\\framework\\src\\Illuminate\\Pipeline\\Pipeline.php(163): Illuminate\\Auth\\Middleware\\Authenticate->handle(Object(Illuminate\\Http\\Request), Object(Closure), 'api')
#12 C:\\Users\\marll\\OneDrive\\Área de Trabalho\\Trabalho Final\\Alugae\\vendor\\laravel\\framework\\src\\Illuminate\\Routing\\Pipeline.php(53): Illuminate\\Pipeline\\Pipeline->Illuminate\\Pipeline\\{closure}(Object(Illuminate\\Http\\Request))
#13 C:\\Users\\marll\\OneDrive\\Área de Trabalho\\Trabalho Final\\Alugae\\vendor\\laravel\\framework\\src\\Illuminate\\Routing\\Middleware\\ThrottleRequests.php(58): Illuminate\\Routing\\Pipeline->Illuminate\\Routing\\{closure}(Object(Illuminate\\Http\\Request))
#14 C:\\Users\\marll\\OneDrive\\Área de Trabalho\\Trabalho Final\\Alugae\\vendor\\laravel\\framework\\src\\Illuminate\\Pipeline\\Pipeline.php(163): Illuminate\\Routing\\Middleware\\ThrottleRequests->handle(Object(Illuminate\\Http\\Request), Object(Closure), 60, '1')
#15 C:\\Users\\marll\\OneDrive\\Área de Trabalho\\Trabalho Final\\Alugae\\vendor\\laravel\\framework\\src\\Illuminate\\Routing\\Pipeline.php(53): Illuminate\\Pipeline\\Pipeline->Illuminate\\Pipeline\\{closure}(Object(Illuminate\\Http\\Request))
#16 C:\\Users\\marll\\OneDrive\\Área de Trabalho\\Trabalho Final\\Alugae\\vendor\\laravel\\framework\\src\\Illuminate\\Pipeline\\Pipeline.php(104): Illuminate\\Routing\\Pipeline->Illuminate\\Routing\\{closure}(Object(Illuminate\\Http\\Request))
#17 C:\\Users\\marll\\OneDrive\\Área de Trabalho\\Trabalho Final\\Alugae\\vendor\\laravel\\framework\\src\\Illuminate\\Routing\\Router.php(684): Illuminate\\Pipeline\\Pipeline->then(Object(Closure))
#18 C:\\Users\\marll\\OneDrive\\Área de Trabalho\\Trabalho Final\\Alugae\\vendor\\laravel\\framework\\src\\Illuminate\\Routing\\Router.php(659): Illuminate\\Routing\\Router->runRouteWithinStack(Object(Illuminate\\Routing\\Route), Object(Illuminate\\Http\\Request))
#19 C:\\Users\\marll\\OneDrive\\Área de Trabalho\\Trabalho Final\\Alugae\\vendor\\laravel\\framework\\src\\Illuminate\\Routing\\Router.php(625): Illuminate\\Routing\\Router->runRoute(Object(Illuminate\\Http\\Request), Object(Illuminate\\Routing\\Route))
#20 C:\\Users\\marll\\OneDrive\\Área de Trabalho\\Trabalho Final\\Alugae\\vendor\\laravel\\framework\\src\\Illuminate\\Routing\\Router.php(614): Illuminate\\Routing\\Router->dispatchToRoute(Object(Illuminate\\Http\\Request))
#21 C:\\Users\\marll\\OneDrive\\Área de Trabalho\\Trabalho Final\\Alugae\\vendor\\laravel\\framework\\src\\Illuminate\\Foundation\\Http\\Kernel.php(176): Illuminate\\Routing\\Router->dispatch(Object(Illuminate\\Http\\Request))
#22 C:\\Users\\marll\\OneDrive\\Área de Trabalho\\Trabalho Final\\Alugae\\vendor\\laravel\\framework\\src\\Illuminate\\Routing\\Pipeline.php(30): Illuminate\\Foundation\\Http\\Kernel->Illuminate\\Foundation\\Http\\{closure}(Object(Illuminate\\Http\\Request))
#23 C:\\Users\\marll\\OneDrive\\Área de Trabalho\\Trabalho Final\\Alugae\\vendor\\fideloper\\proxy\\src\\TrustProxies.php(57): Illuminate\\Routing\\Pipeline->Illuminate\\Routing\\{closure}(Object(Illuminate\\Http\\Request))
#24 C:\\Users\\marll\\OneDrive\\Área de Trabalho\\Trabalho Final\\Alugae\\vendor\\laravel\\framework\\src\\Illuminate\\Pipeline\\Pipeline.php(163): Fideloper\\Proxy\\TrustProxies->handle(Object(Illuminate\\Http\\Request), Object(Closure))
#25 C:\\Users\\marll\\OneDrive\\Área de Trabalho\\Trabalho Final\\Alugae\\vendor\\laravel\\framework\\src\\Illuminate\\Routing\\Pipeline.php(53): Illuminate\\Pipeline\\Pipeline->Illuminate\\Pipeline\\{closure}(Object(Illuminate\\Http\\Request))
#26 C:\\Users\\marll\\OneDrive\\Área de Trabalho\\Trabalho Final\\Alugae\\vendor\\laravel\\framework\\src\\Illuminate\\Foundation\\Http\\Middleware\\TransformsRequest.php(31): Illuminate\\Routing\\Pipeline->Illuminate\\Routing\\{closure}(Object(Illuminate\\Http\\Request))
#27 C:\\Users\\marll\\OneDrive\\Área de Trabalho\\Trabalho Final\\Alugae\\vendor\\laravel\\framework\\src\\Illuminate\\Pipeline\\Pipeline.php(163): Illuminate\\Foundation\\Http\\Middleware\\TransformsRequest->handle(Object(Illuminate\\Http\\Request), Object(Closure))
#28 C:\\Users\\marll\\OneDrive\\Área de Trabalho\\Trabalho Final\\Alugae\\vendor\\laravel\\framework\\src\\Illuminate\\Routing\\Pipeline.php(53): Illuminate\\Pipeline\\Pipeline->Illuminate\\Pipeline\\{closure}(Object(Illuminate\\Http\\Request))
#29 C:\\Users\\marll\\OneDrive\\Área de Trabalho\\Trabalho Final\\Alugae\\vendor\\laravel\\framework\\src\\Illuminate\\Foundation\\Http\\Middleware\\TransformsRequest.php(31): Illuminate\\Routing\\Pipeline->Illuminate\\Routing\\{closure}(Object(Illuminate\\Http\\Request))
#30 C:\\Users\\marll\\OneDrive\\Área de Trabalho\\Trabalho Final\\Alugae\\vendor\\laravel\\framework\\src\\Illuminate\\Pipeline\\Pipeline.php(163): Illuminate\\Foundation\\Http\\Middleware\\TransformsRequest->handle(Object(Illuminate\\Http\\Request), Object(Closure))
#31 C:\\Users\\marll\\OneDrive\\Área de Trabalho\\Trabalho Final\\Alugae\\vendor\\laravel\\framework\\src\\Illuminate\\Routing\\Pipeline.php(53): Illuminate\\Pipeline\\Pipeline->Illuminate\\Pipeline\\{closure}(Object(Illuminate\\Http\\Request))
#32 C:\\Users\\marll\\OneDrive\\Área de Trabalho\\Trabalho Final\\Alugae\\vendor\\laravel\\framework\\src\\Illuminate\\Foundation\\Http\\Middleware\\ValidatePostSize.php(27): Illuminate\\Routing\\Pipeline->Illuminate\\Routing\\{closure}(Object(Illuminate\\Http\\Request))
#33 C:\\Users\\marll\\OneDrive\\Área de Trabalho\\Trabalho Final\\Alugae\\vendor\\laravel\\framework\\src\\Illuminate\\Pipeline\\Pipeline.php(163): Illuminate\\Foundation\\Http\\Middleware\\ValidatePostSize->handle(Object(Illuminate\\Http\\Request), Object(Closure))
#34 C:\\Users\\marll\\OneDrive\\Área de Trabalho\\Trabalho Final\\Alugae\\vendor\\laravel\\framework\\src\\Illuminate\\Routing\\Pipeline.php(53): Illuminate\\Pipeline\\Pipeline->Illuminate\\Pipeline\\{closure}(Object(Illuminate\\Http\\Request))
#35 C:\\Users\\marll\\OneDrive\\Área de Trabalho\\Trabalho Final\\Alugae\\vendor\\laravel\\framework\\src\\Illuminate\\Foundation\\Http\\Middleware\\CheckForMaintenanceMode.php(62): Illuminate\\Routing\\Pipeline->Illuminate\\Routing\\{closure}(Object(Illuminate\\Http\\Request))
#36 C:\\Users\\marll\\OneDrive\\Área de Trabalho\\Trabalho Final\\Alugae\\vendor\\laravel\\framework\\src\\Illuminate\\Pipeline\\Pipeline.php(163): Illuminate\\Foundation\\Http\\Middleware\\CheckForMaintenanceMode->handle(Object(Illuminate\\Http\\Request), Object(Closure))
#37 C:\\Users\\marll\\OneDrive\\Área de Trabalho\\Trabalho Final\\Alugae\\vendor\\laravel\\framework\\src\\Illuminate\\Routing\\Pipeline.php(53): Illuminate\\Pipeline\\Pipeline->Illuminate\\Pipeline\\{closure}(Object(Illuminate\\Http\\Request))
#38 C:\\Users\\marll\\OneDrive\\Área de Trabalho\\Trabalho Final\\Alugae\\vendor\\laravel\\framework\\src\\Illuminate\\Pipeline\\Pipeline.php(104): Illuminate\\Routing\\Pipeline->Illuminate\\Routing\\{closure}(Object(Illuminate\\Http\\Request))
#39 C:\\Users\\marll\\OneDrive\\Área de Trabalho\\Trabalho Final\\Alugae\\vendor\\laravel\\framework\\src\\Illuminate\\Foundation\\Http\\Kernel.php(151): Illuminate\\Pipeline\\Pipeline->then(Object(Closure))
#40 C:\\Users\\marll\\OneDrive\\Área de Trabalho\\Trabalho Final\\Alugae\\vendor\\laravel\\framework\\src\\Illuminate\\Foundation\\Http\\Kernel.php(116): Illuminate\\Foundation\\Http\\Kernel->sendRequestThroughRouter(Object(Illuminate\\Http\\Request))
#41 C:\\Users\\marll\\OneDrive\\Área de Trabalho\\Trabalho Final\\Alugae\\public\\index.php(55): Illuminate\\Foundation\\Http\\Kernel->handle(Object(Illuminate\\Http\\Request))
#42 C:\\Users\\marll\\OneDrive\\Área de Trabalho\\Trabalho Final\\Alugae\\server.php(21): require_once('C:\\\\Users\\\\marll\\\\...')
#43 {main}
"} 
[2019-02-16 00:09:45] local.ERROR: Please provide a valid cache path. {"exception":"[object] (InvalidArgumentException(code: 0): Please provide a valid cache path. at C:\\Users\\marll\\OneDrive\\Área de Trabalho\\Trabalho Final\\Alugae\\vendor\\laravel\\framework\\src\\Illuminate\\View\\Compilers\\Compiler.php:36)
[stacktrace]
#0 C:\\Users\\marll\\OneDrive\\Área de Trabalho\\Trabalho Final\\Alugae\\vendor\\laravel\\framework\\src\\Illuminate\\View\\ViewServiceProvider.php(141): Illuminate\\View\\Compilers\\Compiler->__construct(Object(Illuminate\\Filesystem\\Filesystem), false)
#1 C:\\Users\\marll\\OneDrive\\Área de Trabalho\\Trabalho Final\\Alugae\\vendor\\laravel\\framework\\src\\Illuminate\\Container\\Container.php(776): Illuminate\\View\\ViewServiceProvider->Illuminate\\View\\{closure}(Object(Illuminate\\Foundation\\Application), Array)
#2 C:\\Users\\marll\\OneDrive\\Área de Trabalho\\Trabalho Final\\Alugae\\vendor\\laravel\\framework\\src\\Illuminate\\Container\\Container.php(658): Illuminate\\Container\\Container->build(Object(Closure))
#3 C:\\Users\\marll\\OneDrive\\Área de Trabalho\\Trabalho Final\\Alugae\\vendor\\laravel\\framework\\src\\Illuminate\\Container\\Container.php(609): Illuminate\\Container\\Container->resolve('blade.compiler', Array)
#4 C:\\Users\\marll\\OneDrive\\Área de Trabalho\\Trabalho Final\\Alugae\\vendor\\laravel\\framework\\src\\Illuminate\\Foundation\\Application.php(759): Illuminate\\Container\\Container->make('blade.compiler', Array)
#5 C:\\Users\\marll\\OneDrive\\Área de Trabalho\\Trabalho Final\\Alugae\\vendor\\laravel\\framework\\src\\Illuminate\\Container\\Container.php(1222): Illuminate\\Foundation\\Application->make('blade.compiler')
#6 C:\\Users\\marll\\OneDrive\\Área de Trabalho\\Trabalho Final\\Alugae\\vendor\\laravel\\framework\\src\\Illuminate\\View\\ViewServiceProvider.php(146): Illuminate\\Container\\Container->offsetGet('blade.compiler')
#7 [internal function]: Illuminate\\View\\ViewServiceProvider->Illuminate\\View\\{closure}()
#8 C:\\Users\\marll\\OneDrive\\Área de Trabalho\\Trabalho Final\\Alugae\\vendor\\laravel\\framework\\src\\Illuminate\\View\\Engines\\EngineResolver.php(55): call_user_func(Object(Closure))
#9 C:\\Users\\marll\\OneDrive\\Área de Trabalho\\Trabalho Final\\Alugae\\vendor\\laravel\\framework\\src\\Illuminate\\View\\Factory.php(288): Illuminate\\View\\Engines\\EngineResolver->resolve('blade')
#10 C:\\Users\\marll\\OneDrive\\Área de Trabalho\\Trabalho Final\\Alugae\\vendor\\laravel\\framework\\src\\Illuminate\\View\\Factory.php(252): Illuminate\\View\\Factory->getEngineFromPath('C:\\\\Users\\\\marll\\\\...')
#11 C:\\Users\\marll\\OneDrive\\Área de Trabalho\\Trabalho Final\\Alugae\\vendor\\laravel\\framework\\src\\Illuminate\\View\\Factory.php(138): Illuminate\\View\\Factory->viewInstance('notifications::...', 'C:\\\\Users\\\\marll\\\\...', Array)
#12 C:\\Users\\marll\\OneDrive\\Área de Trabalho\\Trabalho Final\\Alugae\\vendor\\laravel\\framework\\src\\Illuminate\\Mail\\Markdown.php(61): Illuminate\\View\\Factory->make('notifications::...', Array)
#13 C:\\Users\\marll\\OneDrive\\Área de Trabalho\\Trabalho Final\\Alugae\\vendor\\laravel\\framework\\src\\Illuminate\\Notifications\\Channels\\MailChannel.php(97): Illuminate\\Mail\\Markdown->render('notifications::...', Array)
#14 C:\\Users\\marll\\OneDrive\\Área de Trabalho\\Trabalho Final\\Alugae\\vendor\\laravel\\framework\\src\\Illuminate\\Notifications\\Channels\\MailChannel.php(63): Illuminate\\Notifications\\Channels\\MailChannel->buildView(Object(Illuminate\\Notifications\\Messages\\MailMessage))
#15 C:\\Users\\marll\\OneDrive\\Área de Trabalho\\Trabalho Final\\Alugae\\vendor\\laravel\\framework\\src\\Illuminate\\Notifications\\NotificationSender.php(144): Illuminate\\Notifications\\Channels\\MailChannel->send(Object(App\\User), Object(App\\Notifications\\ConfirmacaoCadastro))
#16 C:\\Users\\marll\\OneDrive\\Área de Trabalho\\Trabalho Final\\Alugae\\vendor\\laravel\\framework\\src\\Illuminate\\Notifications\\NotificationSender.php(103): Illuminate\\Notifications\\NotificationSender->sendToNotifiable(Object(App\\User), '861b6135-9f89-4...', Object(App\\Notifications\\ConfirmacaoCadastro), 'mail')
#17 C:\\Users\\marll\\OneDrive\\Área de Trabalho\\Trabalho Final\\Alugae\\vendor\\laravel\\framework\\src\\Illuminate\\Support\\Traits\\Localizable.php(19): Illuminate\\Notifications\\NotificationSender->Illuminate\\Notifications\\{closure}()
#18 C:\\Users\\marll\\OneDrive\\Área de Trabalho\\Trabalho Final\\Alugae\\vendor\\laravel\\framework\\src\\Illuminate\\Notifications\\NotificationSender.php(105): Illuminate\\Notifications\\NotificationSender->withLocale(NULL, Object(Closure))
#19 C:\\Users\\marll\\OneDrive\\Área de Trabalho\\Trabalho Final\\Alugae\\vendor\\laravel\\framework\\src\\Illuminate\\Notifications\\NotificationSender.php(77): Illuminate\\Notifications\\NotificationSender->sendNow(Object(Illuminate\\Database\\Eloquent\\Collection), Object(App\\Notifications\\ConfirmacaoCadastro))
#20 C:\\Users\\marll\\OneDrive\\Área de Trabalho\\Trabalho Final\\Alugae\\vendor\\laravel\\framework\\src\\Illuminate\\Notifications\\ChannelManager.php(39): Illuminate\\Notifications\\NotificationSender->send(Object(Illuminate\\Database\\Eloquent\\Collection), Object(App\\Notifications\\ConfirmacaoCadastro))
#21 C:\\Users\\marll\\OneDrive\\Área de Trabalho\\Trabalho Final\\Alugae\\vendor\\laravel\\framework\\src\\Illuminate\\Notifications\\RoutesNotifications.php(18): Illuminate\\Notifications\\ChannelManager->send(Object(App\\User), Object(App\\Notifications\\ConfirmacaoCadastro))
#22 C:\\Users\\marll\\OneDrive\\Área de Trabalho\\Trabalho Final\\Alugae\\app\\Http\\Controllers\\UserController.php(23): App\\User->notify(Object(App\\Notifications\\ConfirmacaoCadastro))
#23 [internal function]: App\\Http\\Controllers\\UserController->store(Object(App\\Http\\Requests\\UserRequest))
#24 C:\\Users\\marll\\OneDrive\\Área de Trabalho\\Trabalho Final\\Alugae\\vendor\\laravel\\framework\\src\\Illuminate\\Routing\\Controller.php(54): call_user_func_array(Array, Array)
#25 C:\\Users\\marll\\OneDrive\\Área de Trabalho\\Trabalho Final\\Alugae\\vendor\\laravel\\framework\\src\\Illuminate\\Routing\\ControllerDispatcher.php(45): Illuminate\\Routing\\Controller->callAction('store', Array)
#26 C:\\Users\\marll\\OneDrive\\Área de Trabalho\\Trabalho Final\\Alugae\\vendor\\laravel\\framework\\src\\Illuminate\\Routing\\Route.php(219): Illuminate\\Routing\\ControllerDispatcher->dispatch(Object(Illuminate\\Routing\\Route), Object(App\\Http\\Controllers\\UserController), 'store')
#27 C:\\Users\\marll\\OneDrive\\Área de Trabalho\\Trabalho Final\\Alugae\\vendor\\laravel\\framework\\src\\Illuminate\\Routing\\Route.php(176): Illuminate\\Routing\\Route->runController()
#28 C:\\Users\\marll\\OneDrive\\Área de Trabalho\\Trabalho Final\\Alugae\\vendor\\laravel\\framework\\src\\Illuminate\\Routing\\Router.php(682): Illuminate\\Routing\\Route->run()
#29 C:\\Users\\marll\\OneDrive\\Área de Trabalho\\Trabalho Final\\Alugae\\vendor\\laravel\\framework\\src\\Illuminate\\Routing\\Pipeline.php(30): Illuminate\\Routing\\Router->Illuminate\\Routing\\{closure}(Object(Illuminate\\Http\\Request))
#30 C:\\Users\\marll\\OneDrive\\Área de Trabalho\\Trabalho Final\\Alugae\\vendor\\laravel\\framework\\src\\Illuminate\\Routing\\Middleware\\SubstituteBindings.php(41): Illuminate\\Routing\\Pipeline->Illuminate\\Routing\\{closure}(Object(Illuminate\\Http\\Request))
#31 C:\\Users\\marll\\OneDrive\\Área de Trabalho\\Trabalho Final\\Alugae\\vendor\\laravel\\framework\\src\\Illuminate\\Pipeline\\Pipeline.php(163): Illuminate\\Routing\\Middleware\\SubstituteBindings->handle(Object(Illuminate\\Http\\Request), Object(Closure))
#32 C:\\Users\\marll\\OneDrive\\Área de Trabalho\\Trabalho Final\\Alugae\\vendor\\laravel\\framework\\src\\Illuminate\\Routing\\Pipeline.php(53): Illuminate\\Pipeline\\Pipeline->Illuminate\\Pipeline\\{closure}(Object(Illuminate\\Http\\Request))
#33 C:\\Users\\marll\\OneDrive\\Área de Trabalho\\Trabalho Final\\Alugae\\vendor\\laravel\\framework\\src\\Illuminate\\Routing\\Middleware\\ThrottleRequests.php(58): Illuminate\\Routing\\Pipeline->Illuminate\\Routing\\{closure}(Object(Illuminate\\Http\\Request))
#34 C:\\Users\\marll\\OneDrive\\Área de Trabalho\\Trabalho Final\\Alugae\\vendor\\laravel\\framework\\src\\Illuminate\\Pipeline\\Pipeline.php(163): Illuminate\\Routing\\Middleware\\ThrottleRequests->handle(Object(Illuminate\\Http\\Request), Object(Closure), 60, '1')
#35 C:\\Users\\marll\\OneDrive\\Área de Trabalho\\Trabalho Final\\Alugae\\vendor\\laravel\\framework\\src\\Illuminate\\Routing\\Pipeline.php(53): Illuminate\\Pipeline\\Pipeline->Illuminate\\Pipeline\\{closure}(Object(Illuminate\\Http\\Request))
#36 C:\\Users\\marll\\OneDrive\\Área de Trabalho\\Trabalho Final\\Alugae\\vendor\\laravel\\framework\\src\\Illuminate\\Pipeline\\Pipeline.php(104): Illuminate\\Routing\\Pipeline->Illuminate\\Routing\\{closure}(Object(Illuminate\\Http\\Request))
#37 C:\\Users\\marll\\OneDrive\\Área de Trabalho\\Trabalho Final\\Alugae\\vendor\\laravel\\framework\\src\\Illuminate\\Routing\\Router.php(684): Illuminate\\Pipeline\\Pipeline->then(Object(Closure))
#38 C:\\Users\\marll\\OneDrive\\Área de Trabalho\\Trabalho Final\\Alugae\\vendor\\laravel\\framework\\src\\Illuminate\\Routing\\Router.php(659): Illuminate\\Routing\\Router->runRouteWithinStack(Object(Illuminate\\Routing\\Route), Object(Illuminate\\Http\\Request))
#39 C:\\Users\\marll\\OneDrive\\Área de Trabalho\\Trabalho Final\\Alugae\\vendor\\laravel\\framework\\src\\Illuminate\\Routing\\Router.php(625): Illuminate\\Routing\\Router->runRoute(Object(Illuminate\\Http\\Request), Object(Illuminate\\Routing\\Route))
#40 C:\\Users\\marll\\OneDrive\\Área de Trabalho\\Trabalho Final\\Alugae\\vendor\\laravel\\framework\\src\\Illuminate\\Routing\\Router.php(614): Illuminate\\Routing\\Router->dispatchToRoute(Object(Illuminate\\Http\\Request))
#41 C:\\Users\\marll\\OneDrive\\Área de Trabalho\\Trabalho Final\\Alugae\\vendor\\laravel\\framework\\src\\Illuminate\\Foundation\\Http\\Kernel.php(176): Illuminate\\Routing\\Router->dispatch(Object(Illuminate\\Http\\Request))
#42 C:\\Users\\marll\\OneDrive\\Área de Trabalho\\Trabalho Final\\Alugae\\vendor\\laravel\\framework\\src\\Illuminate\\Routing\\Pipeline.php(30): Illuminate\\Foundation\\Http\\Kernel->Illuminate\\Foundation\\Http\\{closure}(Object(Illuminate\\Http\\Request))
#43 C:\\Users\\marll\\OneDrive\\Área de Trabalho\\Trabalho Final\\Alugae\\vendor\\fideloper\\proxy\\src\\TrustProxies.php(57): Illuminate\\Routing\\Pipeline->Illuminate\\Routing\\{closure}(Object(Illuminate\\Http\\Request))
#44 C:\\Users\\marll\\OneDrive\\Área de Trabalho\\Trabalho Final\\Alugae\\vendor\\laravel\\framework\\src\\Illuminate\\Pipeline\\Pipeline.php(163): Fideloper\\Proxy\\TrustProxies->handle(Object(Illuminate\\Http\\Request), Object(Closure))
#45 C:\\Users\\marll\\OneDrive\\Área de Trabalho\\Trabalho Final\\Alugae\\vendor\\laravel\\framework\\src\\Illuminate\\Routing\\Pipeline.php(53): Illuminate\\Pipeline\\Pipeline->Illuminate\\Pipeline\\{closure}(Object(Illuminate\\Http\\Request))
#46 C:\\Users\\marll\\OneDrive\\Área de Trabalho\\Trabalho Final\\Alugae\\vendor\\laravel\\framework\\src\\Illuminate\\Foundation\\Http\\Middleware\\TransformsRequest.php(31): Illuminate\\Routing\\Pipeline->Illuminate\\Routing\\{closure}(Object(Illuminate\\Http\\Request))
#47 C:\\Users\\marll\\OneDrive\\Área de Trabalho\\Trabalho Final\\Alugae\\vendor\\laravel\\framework\\src\\Illuminate\\Pipeline\\Pipeline.php(163): Illuminate\\Foundation\\Http\\Middleware\\TransformsRequest->handle(Object(Illuminate\\Http\\Request), Object(Closure))
#48 C:\\Users\\marll\\OneDrive\\Área de Trabalho\\Trabalho Final\\Alugae\\vendor\\laravel\\framework\\src\\Illuminate\\Routing\\Pipeline.php(53): Illuminate\\Pipeline\\Pipeline->Illuminate\\Pipeline\\{closure}(Object(Illuminate\\Http\\Request))
#49 C:\\Users\\marll\\OneDrive\\Área de Trabalho\\Trabalho Final\\Alugae\\vendor\\laravel\\framework\\src\\Illuminate\\Foundation\\Http\\Middleware\\TransformsRequest.php(31): Illuminate\\Routing\\Pipeline->Illuminate\\Routing\\{closure}(Object(Illuminate\\Http\\Request))
#50 C:\\Users\\marll\\OneDrive\\Área de Trabalho\\Trabalho Final\\Alugae\\vendor\\laravel\\framework\\src\\Illuminate\\Pipeline\\Pipeline.php(163): Illuminate\\Foundation\\Http\\Middleware\\TransformsRequest->handle(Object(Illuminate\\Http\\Request), Object(Closure))
#51 C:\\Users\\marll\\OneDrive\\Área de Trabalho\\Trabalho Final\\Alugae\\vendor\\laravel\\framework\\src\\Illuminate\\Routing\\Pipeline.php(53): Illuminate\\Pipeline\\Pipeline->Illuminate\\Pipeline\\{closure}(Object(Illuminate\\Http\\Request))
#52 C:\\Users\\marll\\OneDrive\\Área de Trabalho\\Trabalho Final\\Alugae\\vendor\\laravel\\framework\\src\\Illuminate\\Foundation\\Http\\Middleware\\ValidatePostSize.php(27): Illuminate\\Routing\\Pipeline->Illuminate\\Routing\\{closure}(Object(Illuminate\\Http\\Request))
#53 C:\\Users\\marll\\OneDrive\\Área de Trabalho\\Trabalho Final\\Alugae\\vendor\\laravel\\framework\\src\\Illuminate\\Pipeline\\Pipeline.php(163): Illuminate\\Foundation\\Http\\Middleware\\ValidatePostSize->handle(Object(Illuminate\\Http\\Request), Object(Closure))
#54 C:\\Users\\marll\\OneDrive\\Área de Trabalho\\Trabalho Final\\Alugae\\vendor\\laravel\\framework\\src\\Illuminate\\Routing\\Pipeline.php(53): Illuminate\\Pipeline\\Pipeline->Illuminate\\Pipeline\\{closure}(Object(Illuminate\\Http\\Request))
#55 C:\\Users\\marll\\OneDrive\\Área de Trabalho\\Trabalho Final\\Alugae\\vendor\\laravel\\framework\\src\\Illuminate\\Foundation\\Http\\Middleware\\CheckForMaintenanceMode.php(62): Illuminate\\Routing\\Pipeline->Illuminate\\Routing\\{closure}(Object(Illuminate\\Http\\Request))
#56 C:\\Users\\marll\\OneDrive\\Área de Trabalho\\Trabalho Final\\Alugae\\vendor\\laravel\\framework\\src\\Illuminate\\Pipeline\\Pipeline.php(163): Illuminate\\Foundation\\Http\\Middleware\\CheckForMaintenanceMode->handle(Object(Illuminate\\Http\\Request), Object(Closure))
#57 C:\\Users\\marll\\OneDrive\\Área de Trabalho\\Trabalho Final\\Alugae\\vendor\\laravel\\framework\\src\\Illuminate\\Routing\\Pipeline.php(53): Illuminate\\Pipeline\\Pipeline->Illuminate\\Pipeline\\{closure}(Object(Illuminate\\Http\\Request))
#58 C:\\Users\\marll\\OneDrive\\Área de Trabalho\\Trabalho Final\\Alugae\\vendor\\laravel\\framework\\src\\Illuminate\\Pipeline\\Pipeline.php(104): Illuminate\\Routing\\Pipeline->Illuminate\\Routing\\{closure}(Object(Illuminate\\Http\\Request))
#59 C:\\Users\\marll\\OneDrive\\Área de Trabalho\\Trabalho Final\\Alugae\\vendor\\laravel\\framework\\src\\Illuminate\\Foundation\\Http\\Kernel.php(151): Illuminate\\Pipeline\\Pipeline->then(Object(Closure))
#60 C:\\Users\\marll\\OneDrive\\Área de Trabalho\\Trabalho Final\\Alugae\\vendor\\laravel\\framework\\src\\Illuminate\\Foundation\\Http\\Kernel.php(116): Illuminate\\Foundation\\Http\\Kernel->sendRequestThroughRouter(Object(Illuminate\\Http\\Request))
#61 C:\\Users\\marll\\OneDrive\\Área de Trabalho\\Trabalho Final\\Alugae\\public\\index.php(55): Illuminate\\Foundation\\Http\\Kernel->handle(Object(Illuminate\\Http\\Request))
#62 C:\\Users\\marll\\OneDrive\\Área de Trabalho\\Trabalho Final\\Alugae\\server.php(21): require_once('C:\\\\Users\\\\marll\\\\...')
#63 {main}
"} 
[2019-02-16 00:11:55] local.ERROR: Please provide a valid cache path. {"exception":"[object] (InvalidArgumentException(code: 0): Please provide a valid cache path. at C:\\Users\\marll\\OneDrive\\Área de Trabalho\\Trabalho Final\\Alugae\\vendor\\laravel\\framework\\src\\Illuminate\\View\\Compilers\\Compiler.php:36)
[stacktrace]
#0 C:\\Users\\marll\\OneDrive\\Área de Trabalho\\Trabalho Final\\Alugae\\vendor\\laravel\\framework\\src\\Illuminate\\View\\ViewServiceProvider.php(141): Illuminate\\View\\Compilers\\Compiler->__construct(Object(Illuminate\\Filesystem\\Filesystem), false)
#1 C:\\Users\\marll\\OneDrive\\Área de Trabalho\\Trabalho Final\\Alugae\\vendor\\laravel\\framework\\src\\Illuminate\\Container\\Container.php(776): Illuminate\\View\\ViewServiceProvider->Illuminate\\View\\{closure}(Object(Illuminate\\Foundation\\Application), Array)
#2 C:\\Users\\marll\\OneDrive\\Área de Trabalho\\Trabalho Final\\Alugae\\vendor\\laravel\\framework\\src\\Illuminate\\Container\\Container.php(658): Illuminate\\Container\\Container->build(Object(Closure))
#3 C:\\Users\\marll\\OneDrive\\Área de Trabalho\\Trabalho Final\\Alugae\\vendor\\laravel\\framework\\src\\Illuminate\\Container\\Container.php(609): Illuminate\\Container\\Container->resolve('blade.compiler', Array)
#4 C:\\Users\\marll\\OneDrive\\Área de Trabalho\\Trabalho Final\\Alugae\\vendor\\laravel\\framework\\src\\Illuminate\\Foundation\\Application.php(759): Illuminate\\Container\\Container->make('blade.compiler', Array)
#5 C:\\Users\\marll\\OneDrive\\Área de Trabalho\\Trabalho Final\\Alugae\\vendor\\laravel\\framework\\src\\Illuminate\\Container\\Container.php(1222): Illuminate\\Foundation\\Application->make('blade.compiler')
#6 C:\\Users\\marll\\OneDrive\\Área de Trabalho\\Trabalho Final\\Alugae\\vendor\\laravel\\framework\\src\\Illuminate\\View\\ViewServiceProvider.php(146): Illuminate\\Container\\Container->offsetGet('blade.compiler')
#7 [internal function]: Illuminate\\View\\ViewServiceProvider->Illuminate\\View\\{closure}()
#8 C:\\Users\\marll\\OneDrive\\Área de Trabalho\\Trabalho Final\\Alugae\\vendor\\laravel\\framework\\src\\Illuminate\\View\\Engines\\EngineResolver.php(55): call_user_func(Object(Closure))
#9 C:\\Users\\marll\\OneDrive\\Área de Trabalho\\Trabalho Final\\Alugae\\vendor\\laravel\\framework\\src\\Illuminate\\View\\Factory.php(288): Illuminate\\View\\Engines\\EngineResolver->resolve('blade')
#10 C:\\Users\\marll\\OneDrive\\Área de Trabalho\\Trabalho Final\\Alugae\\vendor\\laravel\\framework\\src\\Illuminate\\View\\Factory.php(252): Illuminate\\View\\Factory->getEngineFromPath('C:\\\\Users\\\\marll\\\\...')
#11 C:\\Users\\marll\\OneDrive\\Área de Trabalho\\Trabalho Final\\Alugae\\vendor\\laravel\\framework\\src\\Illuminate\\View\\Factory.php(138): Illuminate\\View\\Factory->viewInstance('notifications::...', 'C:\\\\Users\\\\marll\\\\...', Array)
#12 C:\\Users\\marll\\OneDrive\\Área de Trabalho\\Trabalho Final\\Alugae\\vendor\\laravel\\framework\\src\\Illuminate\\Mail\\Markdown.php(61): Illuminate\\View\\Factory->make('notifications::...', Array)
#13 C:\\Users\\marll\\OneDrive\\Área de Trabalho\\Trabalho Final\\Alugae\\vendor\\laravel\\framework\\src\\Illuminate\\Notifications\\Channels\\MailChannel.php(97): Illuminate\\Mail\\Markdown->render('notifications::...', Array)
#14 C:\\Users\\marll\\OneDrive\\Área de Trabalho\\Trabalho Final\\Alugae\\vendor\\laravel\\framework\\src\\Illuminate\\Notifications\\Channels\\MailChannel.php(63): Illuminate\\Notifications\\Channels\\MailChannel->buildView(Object(Illuminate\\Notifications\\Messages\\MailMessage))
#15 C:\\Users\\marll\\OneDrive\\Área de Trabalho\\Trabalho Final\\Alugae\\vendor\\laravel\\framework\\src\\Illuminate\\Notifications\\NotificationSender.php(144): Illuminate\\Notifications\\Channels\\MailChannel->send(Object(App\\User), Object(App\\Notifications\\ConfirmacaoCadastro))
#16 C:\\Users\\marll\\OneDrive\\Área de Trabalho\\Trabalho Final\\Alugae\\vendor\\laravel\\framework\\src\\Illuminate\\Notifications\\NotificationSender.php(103): Illuminate\\Notifications\\NotificationSender->sendToNotifiable(Object(App\\User), '82fabe2f-60a0-4...', Object(App\\Notifications\\ConfirmacaoCadastro), 'mail')
#17 C:\\Users\\marll\\OneDrive\\Área de Trabalho\\Trabalho Final\\Alugae\\vendor\\laravel\\framework\\src\\Illuminate\\Support\\Traits\\Localizable.php(19): Illuminate\\Notifications\\NotificationSender->Illuminate\\Notifications\\{closure}()
#18 C:\\Users\\marll\\OneDrive\\Área de Trabalho\\Trabalho Final\\Alugae\\vendor\\laravel\\framework\\src\\Illuminate\\Notifications\\NotificationSender.php(105): Illuminate\\Notifications\\NotificationSender->withLocale(NULL, Object(Closure))
#19 C:\\Users\\marll\\OneDrive\\Área de Trabalho\\Trabalho Final\\Alugae\\vendor\\laravel\\framework\\src\\Illuminate\\Notifications\\NotificationSender.php(77): Illuminate\\Notifications\\NotificationSender->sendNow(Object(Illuminate\\Database\\Eloquent\\Collection), Object(App\\Notifications\\ConfirmacaoCadastro))
#20 C:\\Users\\marll\\OneDrive\\Área de Trabalho\\Trabalho Final\\Alugae\\vendor\\laravel\\framework\\src\\Illuminate\\Notifications\\ChannelManager.php(39): Illuminate\\Notifications\\NotificationSender->send(Object(Illuminate\\Database\\Eloquent\\Collection), Object(App\\Notifications\\ConfirmacaoCadastro))
#21 C:\\Users\\marll\\OneDrive\\Área de Trabalho\\Trabalho Final\\Alugae\\vendor\\laravel\\framework\\src\\Illuminate\\Notifications\\RoutesNotifications.php(18): Illuminate\\Notifications\\ChannelManager->send(Object(App\\User), Object(App\\Notifications\\ConfirmacaoCadastro))
#22 C:\\Users\\marll\\OneDrive\\Área de Trabalho\\Trabalho Final\\Alugae\\app\\Http\\Controllers\\UserController.php(23): App\\User->notify(Object(App\\Notifications\\ConfirmacaoCadastro))
#23 [internal function]: App\\Http\\Controllers\\UserController->store(Object(App\\Http\\Requests\\UserRequest))
#24 C:\\Users\\marll\\OneDrive\\Área de Trabalho\\Trabalho Final\\Alugae\\vendor\\laravel\\framework\\src\\Illuminate\\Routing\\Controller.php(54): call_user_func_array(Array, Array)
#25 C:\\Users\\marll\\OneDrive\\Área de Trabalho\\Trabalho Final\\Alugae\\vendor\\laravel\\framework\\src\\Illuminate\\Routing\\ControllerDispatcher.php(45): Illuminate\\Routing\\Controller->callAction('store', Array)
#26 C:\\Users\\marll\\OneDrive\\Área de Trabalho\\Trabalho Final\\Alugae\\vendor\\laravel\\framework\\src\\Illuminate\\Routing\\Route.php(219): Illuminate\\Routing\\ControllerDispatcher->dispatch(Object(Illuminate\\Routing\\Route), Object(App\\Http\\Controllers\\UserController), 'store')
#27 C:\\Users\\marll\\OneDrive\\Área de Trabalho\\Trabalho Final\\Alugae\\vendor\\laravel\\framework\\src\\Illuminate\\Routing\\Route.php(176): Illuminate\\Routing\\Route->runController()
#28 C:\\Users\\marll\\OneDrive\\Área de Trabalho\\Trabalho Final\\Alugae\\vendor\\laravel\\framework\\src\\Illuminate\\Routing\\Router.php(682): Illuminate\\Routing\\Route->run()
#29 C:\\Users\\marll\\OneDrive\\Área de Trabalho\\Trabalho Final\\Alugae\\vendor\\laravel\\framework\\src\\Illuminate\\Routing\\Pipeline.php(30): Illuminate\\Routing\\Router->Illuminate\\Routing\\{closure}(Object(Illuminate\\Http\\Request))
#30 C:\\Users\\marll\\OneDrive\\Área de Trabalho\\Trabalho Final\\Alugae\\vendor\\laravel\\framework\\src\\Illuminate\\Routing\\Middleware\\SubstituteBindings.php(41): Illuminate\\Routing\\Pipeline->Illuminate\\Routing\\{closure}(Object(Illuminate\\Http\\Request))
#31 C:\\Users\\marll\\OneDrive\\Área de Trabalho\\Trabalho Final\\Alugae\\vendor\\laravel\\framework\\src\\Illuminate\\Pipeline\\Pipeline.php(163): Illuminate\\Routing\\Middleware\\SubstituteBindings->handle(Object(Illuminate\\Http\\Request), Object(Closure))
#32 C:\\Users\\marll\\OneDrive\\Área de Trabalho\\Trabalho Final\\Alugae\\vendor\\laravel\\framework\\src\\Illuminate\\Routing\\Pipeline.php(53): Illuminate\\Pipeline\\Pipeline->Illuminate\\Pipeline\\{closure}(Object(Illuminate\\Http\\Request))
#33 C:\\Users\\marll\\OneDrive\\Área de Trabalho\\Trabalho Final\\Alugae\\vendor\\laravel\\framework\\src\\Illuminate\\Routing\\Middleware\\ThrottleRequests.php(58): Illuminate\\Routing\\Pipeline->Illuminate\\Routing\\{closure}(Object(Illuminate\\Http\\Request))
#34 C:\\Users\\marll\\OneDrive\\Área de Trabalho\\Trabalho Final\\Alugae\\vendor\\laravel\\framework\\src\\Illuminate\\Pipeline\\Pipeline.php(163): Illuminate\\Routing\\Middleware\\ThrottleRequests->handle(Object(Illuminate\\Http\\Request), Object(Closure), 60, '1')
#35 C:\\Users\\marll\\OneDrive\\Área de Trabalho\\Trabalho Final\\Alugae\\vendor\\laravel\\framework\\src\\Illuminate\\Routing\\Pipeline.php(53): Illuminate\\Pipeline\\Pipeline->Illuminate\\Pipeline\\{closure}(Object(Illuminate\\Http\\Request))
#36 C:\\Users\\marll\\OneDrive\\Área de Trabalho\\Trabalho Final\\Alugae\\vendor\\laravel\\framework\\src\\Illuminate\\Pipeline\\Pipeline.php(104): Illuminate\\Routing\\Pipeline->Illuminate\\Routing\\{closure}(Object(Illuminate\\Http\\Request))
#37 C:\\Users\\marll\\OneDrive\\Área de Trabalho\\Trabalho Final\\Alugae\\vendor\\laravel\\framework\\src\\Illuminate\\Routing\\Router.php(684): Illuminate\\Pipeline\\Pipeline->then(Object(Closure))
#38 C:\\Users\\marll\\OneDrive\\Área de Trabalho\\Trabalho Final\\Alugae\\vendor\\laravel\\framework\\src\\Illuminate\\Routing\\Router.php(659): Illuminate\\Routing\\Router->runRouteWithinStack(Object(Illuminate\\Routing\\Route), Object(Illuminate\\Http\\Request))
#39 C:\\Users\\marll\\OneDrive\\Área de Trabalho\\Trabalho Final\\Alugae\\vendor\\laravel\\framework\\src\\Illuminate\\Routing\\Router.php(625): Illuminate\\Routing\\Router->runRoute(Object(Illuminate\\Http\\Request), Object(Illuminate\\Routing\\Route))
#40 C:\\Users\\marll\\OneDrive\\Área de Trabalho\\Trabalho Final\\Alugae\\vendor\\laravel\\framework\\src\\Illuminate\\Routing\\Router.php(614): Illuminate\\Routing\\Router->dispatchToRoute(Object(Illuminate\\Http\\Request))
#41 C:\\Users\\marll\\OneDrive\\Área de Trabalho\\Trabalho Final\\Alugae\\vendor\\laravel\\framework\\src\\Illuminate\\Foundation\\Http\\Kernel.php(176): Illuminate\\Routing\\Router->dispatch(Object(Illuminate\\Http\\Request))
#42 C:\\Users\\marll\\OneDrive\\Área de Trabalho\\Trabalho Final\\Alugae\\vendor\\laravel\\framework\\src\\Illuminate\\Routing\\Pipeline.php(30): Illuminate\\Foundation\\Http\\Kernel->Illuminate\\Foundation\\Http\\{closure}(Object(Illuminate\\Http\\Request))
#43 C:\\Users\\marll\\OneDrive\\Área de Trabalho\\Trabalho Final\\Alugae\\vendor\\fideloper\\proxy\\src\\TrustProxies.php(57): Illuminate\\Routing\\Pipeline->Illuminate\\Routing\\{closure}(Object(Illuminate\\Http\\Request))
#44 C:\\Users\\marll\\OneDrive\\Área de Trabalho\\Trabalho Final\\Alugae\\vendor\\laravel\\framework\\src\\Illuminate\\Pipeline\\Pipeline.php(163): Fideloper\\Proxy\\TrustProxies->handle(Object(Illuminate\\Http\\Request), Object(Closure))
#45 C:\\Users\\marll\\OneDrive\\Área de Trabalho\\Trabalho Final\\Alugae\\vendor\\laravel\\framework\\src\\Illuminate\\Routing\\Pipeline.php(53): Illuminate\\Pipeline\\Pipeline->Illuminate\\Pipeline\\{closure}(Object(Illuminate\\Http\\Request))
#46 C:\\Users\\marll\\OneDrive\\Área de Trabalho\\Trabalho Final\\Alugae\\vendor\\laravel\\framework\\src\\Illuminate\\Foundation\\Http\\Middleware\\TransformsRequest.php(31): Illuminate\\Routing\\Pipeline->Illuminate\\Routing\\{closure}(Object(Illuminate\\Http\\Request))
#47 C:\\Users\\marll\\OneDrive\\Área de Trabalho\\Trabalho Final\\Alugae\\vendor\\laravel\\framework\\src\\Illuminate\\Pipeline\\Pipeline.php(163): Illuminate\\Foundation\\Http\\Middleware\\TransformsRequest->handle(Object(Illuminate\\Http\\Request), Object(Closure))
#48 C:\\Users\\marll\\OneDrive\\Área de Trabalho\\Trabalho Final\\Alugae\\vendor\\laravel\\framework\\src\\Illuminate\\Routing\\Pipeline.php(53): Illuminate\\Pipeline\\Pipeline->Illuminate\\Pipeline\\{closure}(Object(Illuminate\\Http\\Request))
#49 C:\\Users\\marll\\OneDrive\\Área de Trabalho\\Trabalho Final\\Alugae\\vendor\\laravel\\framework\\src\\Illuminate\\Foundation\\Http\\Middleware\\TransformsRequest.php(31): Illuminate\\Routing\\Pipeline->Illuminate\\Routing\\{closure}(Object(Illuminate\\Http\\Request))
#50 C:\\Users\\marll\\OneDrive\\Área de Trabalho\\Trabalho Final\\Alugae\\vendor\\laravel\\framework\\src\\Illuminate\\Pipeline\\Pipeline.php(163): Illuminate\\Foundation\\Http\\Middleware\\TransformsRequest->handle(Object(Illuminate\\Http\\Request), Object(Closure))
#51 C:\\Users\\marll\\OneDrive\\Área de Trabalho\\Trabalho Final\\Alugae\\vendor\\laravel\\framework\\src\\Illuminate\\Routing\\Pipeline.php(53): Illuminate\\Pipeline\\Pipeline->Illuminate\\Pipeline\\{closure}(Object(Illuminate\\Http\\Request))
#52 C:\\Users\\marll\\OneDrive\\Área de Trabalho\\Trabalho Final\\Alugae\\vendor\\laravel\\framework\\src\\Illuminate\\Foundation\\Http\\Middleware\\ValidatePostSize.php(27): Illuminate\\Routing\\Pipeline->Illuminate\\Routing\\{closure}(Object(Illuminate\\Http\\Request))
#53 C:\\Users\\marll\\OneDrive\\Área de Trabalho\\Trabalho Final\\Alugae\\vendor\\laravel\\framework\\src\\Illuminate\\Pipeline\\Pipeline.php(163): Illuminate\\Foundation\\Http\\Middleware\\ValidatePostSize->handle(Object(Illuminate\\Http\\Request), Object(Closure))
#54 C:\\Users\\marll\\OneDrive\\Área de Trabalho\\Trabalho Final\\Alugae\\vendor\\laravel\\framework\\src\\Illuminate\\Routing\\Pipeline.php(53): Illuminate\\Pipeline\\Pipeline->Illuminate\\Pipeline\\{closure}(Object(Illuminate\\Http\\Request))
#55 C:\\Users\\marll\\OneDrive\\Área de Trabalho\\Trabalho Final\\Alugae\\vendor\\laravel\\framework\\src\\Illuminate\\Foundation\\Http\\Middleware\\CheckForMaintenanceMode.php(62): Illuminate\\Routing\\Pipeline->Illuminate\\Routing\\{closure}(Object(Illuminate\\Http\\Request))
#56 C:\\Users\\marll\\OneDrive\\Área de Trabalho\\Trabalho Final\\Alugae\\vendor\\laravel\\framework\\src\\Illuminate\\Pipeline\\Pipeline.php(163): Illuminate\\Foundation\\Http\\Middleware\\CheckForMaintenanceMode->handle(Object(Illuminate\\Http\\Request), Object(Closure))
#57 C:\\Users\\marll\\OneDrive\\Área de Trabalho\\Trabalho Final\\Alugae\\vendor\\laravel\\framework\\src\\Illuminate\\Routing\\Pipeline.php(53): Illuminate\\Pipeline\\Pipeline->Illuminate\\Pipeline\\{closure}(Object(Illuminate\\Http\\Request))
#58 C:\\Users\\marll\\OneDrive\\Área de Trabalho\\Trabalho Final\\Alugae\\vendor\\laravel\\framework\\src\\Illuminate\\Pipeline\\Pipeline.php(104): Illuminate\\Routing\\Pipeline->Illuminate\\Routing\\{closure}(Object(Illuminate\\Http\\Request))
#59 C:\\Users\\marll\\OneDrive\\Área de Trabalho\\Trabalho Final\\Alugae\\vendor\\laravel\\framework\\src\\Illuminate\\Foundation\\Http\\Kernel.php(151): Illuminate\\Pipeline\\Pipeline->then(Object(Closure))
#60 C:\\Users\\marll\\OneDrive\\Área de Trabalho\\Trabalho Final\\Alugae\\vendor\\laravel\\framework\\src\\Illuminate\\Foundation\\Http\\Kernel.php(116): Illuminate\\Foundation\\Http\\Kernel->sendRequestThroughRouter(Object(Illuminate\\Http\\Request))
#61 C:\\Users\\marll\\OneDrive\\Área de Trabalho\\Trabalho Final\\Alugae\\public\\index.php(55): Illuminate\\Foundation\\Http\\Kernel->handle(Object(Illuminate\\Http\\Request))
#62 C:\\Users\\marll\\OneDrive\\Área de Trabalho\\Trabalho Final\\Alugae\\server.php(21): require_once('C:\\\\Users\\\\marll\\\\...')
#63 {main}
"} 
[2019-02-16 16:56:45] local.ERROR: SQLSTATE[HY000] [2002] Nenhuma conexo pde ser feita porque a mquina de destino as recusou ativamente.
 (SQL: insert into `users` (`name`, `cpf`, `password`, `email`, `city`, `telephone`, `number`, `complement`, `cep`, `updated_at`, `created_at`) values (Jose, 700.597.831-50, 12345678, marllonvital1@gmail.com, Rio de Janeiro, 8888-8888, 50, apartamento 101, 2222222, 2019-02-16 16:56:43, 2019-02-16 16:56:43))  
[2019-02-16 17:01:46] local.ERROR: SQLSTATE[HY000] [2002] Nenhuma conexo pde ser feita porque a mquina de destino as recusou ativamente.
 (SQL: insert into `users` (`name`, `cpf`, `password`, `email`, `city`, `telephone`, `number`, `complement`, `cep`, `updated_at`, `created_at`) values (Jose, 700.597.831-50, 12345678, marllonvital1@gmail.com, Rio de Janeiro, 8888-8888, 50, apartamento 101, 2222222, 2019-02-16 17:01:44, 2019-02-16 17:01:44))  
[2019-02-16 17:02:12] local.ERROR: SQLSTATE[HY000] [2002] Nenhuma conexo pde ser feita porque a mquina de destino as recusou ativamente.
 (SQL: select exists(select * from `oauth_personal_access_clients`) as `exists`)  
[2019-02-16 17:03:31] local.ERROR: Please provide a valid cache path. {"exception":"[object] (InvalidArgumentException(code: 0): Please provide a valid cache path. at C:\\Users\\marll\\OneDrive\\Área de Trabalho\\Trabalho Final\\Alugae\\vendor\\laravel\\framework\\src\\Illuminate\\View\\Compilers\\Compiler.php:36)
[stacktrace]
#0 C:\\Users\\marll\\OneDrive\\Área de Trabalho\\Trabalho Final\\Alugae\\vendor\\laravel\\framework\\src\\Illuminate\\View\\ViewServiceProvider.php(141): Illuminate\\View\\Compilers\\Compiler->__construct(Object(Illuminate\\Filesystem\\Filesystem), false)
#1 C:\\Users\\marll\\OneDrive\\Área de Trabalho\\Trabalho Final\\Alugae\\vendor\\laravel\\framework\\src\\Illuminate\\Container\\Container.php(776): Illuminate\\View\\ViewServiceProvider->Illuminate\\View\\{closure}(Object(Illuminate\\Foundation\\Application), Array)
#2 C:\\Users\\marll\\OneDrive\\Área de Trabalho\\Trabalho Final\\Alugae\\vendor\\laravel\\framework\\src\\Illuminate\\Container\\Container.php(658): Illuminate\\Container\\Container->build(Object(Closure))
#3 C:\\Users\\marll\\OneDrive\\Área de Trabalho\\Trabalho Final\\Alugae\\vendor\\laravel\\framework\\src\\Illuminate\\Container\\Container.php(609): Illuminate\\Container\\Container->resolve('blade.compiler', Array)
#4 C:\\Users\\marll\\OneDrive\\Área de Trabalho\\Trabalho Final\\Alugae\\vendor\\laravel\\framework\\src\\Illuminate\\Foundation\\Application.php(759): Illuminate\\Container\\Container->make('blade.compiler', Array)
#5 C:\\Users\\marll\\OneDrive\\Área de Trabalho\\Trabalho Final\\Alugae\\vendor\\laravel\\framework\\src\\Illuminate\\Container\\Container.php(1222): Illuminate\\Foundation\\Application->make('blade.compiler')
#6 C:\\Users\\marll\\OneDrive\\Área de Trabalho\\Trabalho Final\\Alugae\\vendor\\laravel\\framework\\src\\Illuminate\\View\\ViewServiceProvider.php(146): Illuminate\\Container\\Container->offsetGet('blade.compiler')
#7 [internal function]: Illuminate\\View\\ViewServiceProvider->Illuminate\\View\\{closure}()
#8 C:\\Users\\marll\\OneDrive\\Área de Trabalho\\Trabalho Final\\Alugae\\vendor\\laravel\\framework\\src\\Illuminate\\View\\Engines\\EngineResolver.php(55): call_user_func(Object(Closure))
#9 C:\\Users\\marll\\OneDrive\\Área de Trabalho\\Trabalho Final\\Alugae\\vendor\\laravel\\framework\\src\\Illuminate\\View\\Factory.php(288): Illuminate\\View\\Engines\\EngineResolver->resolve('blade')
#10 C:\\Users\\marll\\OneDrive\\Área de Trabalho\\Trabalho Final\\Alugae\\vendor\\laravel\\framework\\src\\Illuminate\\View\\Factory.php(252): Illuminate\\View\\Factory->getEngineFromPath('C:\\\\Users\\\\marll\\\\...')
#11 C:\\Users\\marll\\OneDrive\\Área de Trabalho\\Trabalho Final\\Alugae\\vendor\\laravel\\framework\\src\\Illuminate\\View\\Factory.php(138): Illuminate\\View\\Factory->viewInstance('notifications::...', 'C:\\\\Users\\\\marll\\\\...', Array)
#12 C:\\Users\\marll\\OneDrive\\Área de Trabalho\\Trabalho Final\\Alugae\\vendor\\laravel\\framework\\src\\Illuminate\\Mail\\Markdown.php(61): Illuminate\\View\\Factory->make('notifications::...', Array)
#13 C:\\Users\\marll\\OneDrive\\Área de Trabalho\\Trabalho Final\\Alugae\\vendor\\laravel\\framework\\src\\Illuminate\\Notifications\\Channels\\MailChannel.php(97): Illuminate\\Mail\\Markdown->render('notifications::...', Array)
#14 C:\\Users\\marll\\OneDrive\\Área de Trabalho\\Trabalho Final\\Alugae\\vendor\\laravel\\framework\\src\\Illuminate\\Notifications\\Channels\\MailChannel.php(63): Illuminate\\Notifications\\Channels\\MailChannel->buildView(Object(Illuminate\\Notifications\\Messages\\MailMessage))
#15 C:\\Users\\marll\\OneDrive\\Área de Trabalho\\Trabalho Final\\Alugae\\vendor\\laravel\\framework\\src\\Illuminate\\Notifications\\NotificationSender.php(144): Illuminate\\Notifications\\Channels\\MailChannel->send(Object(App\\User), Object(App\\Notifications\\ConfirmacaoCadastro))
#16 C:\\Users\\marll\\OneDrive\\Área de Trabalho\\Trabalho Final\\Alugae\\vendor\\laravel\\framework\\src\\Illuminate\\Notifications\\NotificationSender.php(103): Illuminate\\Notifications\\NotificationSender->sendToNotifiable(Object(App\\User), '49ccaab8-eda6-4...', Object(App\\Notifications\\ConfirmacaoCadastro), 'mail')
#17 C:\\Users\\marll\\OneDrive\\Área de Trabalho\\Trabalho Final\\Alugae\\vendor\\laravel\\framework\\src\\Illuminate\\Support\\Traits\\Localizable.php(19): Illuminate\\Notifications\\NotificationSender->Illuminate\\Notifications\\{closure}()
#18 C:\\Users\\marll\\OneDrive\\Área de Trabalho\\Trabalho Final\\Alugae\\vendor\\laravel\\framework\\src\\Illuminate\\Notifications\\NotificationSender.php(105): Illuminate\\Notifications\\NotificationSender->withLocale(NULL, Object(Closure))
#19 C:\\Users\\marll\\OneDrive\\Área de Trabalho\\Trabalho Final\\Alugae\\vendor\\laravel\\framework\\src\\Illuminate\\Notifications\\NotificationSender.php(77): Illuminate\\Notifications\\NotificationSender->sendNow(Object(Illuminate\\Database\\Eloquent\\Collection), Object(App\\Notifications\\ConfirmacaoCadastro))
#20 C:\\Users\\marll\\OneDrive\\Área de Trabalho\\Trabalho Final\\Alugae\\vendor\\laravel\\framework\\src\\Illuminate\\Notifications\\ChannelManager.php(39): Illuminate\\Notifications\\NotificationSender->send(Object(Illuminate\\Database\\Eloquent\\Collection), Object(App\\Notifications\\ConfirmacaoCadastro))
#21 C:\\Users\\marll\\OneDrive\\Área de Trabalho\\Trabalho Final\\Alugae\\vendor\\laravel\\framework\\src\\Illuminate\\Notifications\\RoutesNotifications.php(18): Illuminate\\Notifications\\ChannelManager->send(Object(App\\User), Object(App\\Notifications\\ConfirmacaoCadastro))
#22 C:\\Users\\marll\\OneDrive\\Área de Trabalho\\Trabalho Final\\Alugae\\app\\Http\\Controllers\\UserController.php(23): App\\User->notify(Object(App\\Notifications\\ConfirmacaoCadastro))
#23 [internal function]: App\\Http\\Controllers\\UserController->store(Object(App\\Http\\Requests\\UserRequest))
#24 C:\\Users\\marll\\OneDrive\\Área de Trabalho\\Trabalho Final\\Alugae\\vendor\\laravel\\framework\\src\\Illuminate\\Routing\\Controller.php(54): call_user_func_array(Array, Array)
#25 C:\\Users\\marll\\OneDrive\\Área de Trabalho\\Trabalho Final\\Alugae\\vendor\\laravel\\framework\\src\\Illuminate\\Routing\\ControllerDispatcher.php(45): Illuminate\\Routing\\Controller->callAction('store', Array)
#26 C:\\Users\\marll\\OneDrive\\Área de Trabalho\\Trabalho Final\\Alugae\\vendor\\laravel\\framework\\src\\Illuminate\\Routing\\Route.php(219): Illuminate\\Routing\\ControllerDispatcher->dispatch(Object(Illuminate\\Routing\\Route), Object(App\\Http\\Controllers\\UserController), 'store')
#27 C:\\Users\\marll\\OneDrive\\Área de Trabalho\\Trabalho Final\\Alugae\\vendor\\laravel\\framework\\src\\Illuminate\\Routing\\Route.php(176): Illuminate\\Routing\\Route->runController()
#28 C:\\Users\\marll\\OneDrive\\Área de Trabalho\\Trabalho Final\\Alugae\\vendor\\laravel\\framework\\src\\Illuminate\\Routing\\Router.php(682): Illuminate\\Routing\\Route->run()
#29 C:\\Users\\marll\\OneDrive\\Área de Trabalho\\Trabalho Final\\Alugae\\vendor\\laravel\\framework\\src\\Illuminate\\Routing\\Pipeline.php(30): Illuminate\\Routing\\Router->Illuminate\\Routing\\{closure}(Object(Illuminate\\Http\\Request))
#30 C:\\Users\\marll\\OneDrive\\Área de Trabalho\\Trabalho Final\\Alugae\\vendor\\laravel\\framework\\src\\Illuminate\\Routing\\Middleware\\SubstituteBindings.php(41): Illuminate\\Routing\\Pipeline->Illuminate\\Routing\\{closure}(Object(Illuminate\\Http\\Request))
#31 C:\\Users\\marll\\OneDrive\\Área de Trabalho\\Trabalho Final\\Alugae\\vendor\\laravel\\framework\\src\\Illuminate\\Pipeline\\Pipeline.php(163): Illuminate\\Routing\\Middleware\\SubstituteBindings->handle(Object(Illuminate\\Http\\Request), Object(Closure))
#32 C:\\Users\\marll\\OneDrive\\Área de Trabalho\\Trabalho Final\\Alugae\\vendor\\laravel\\framework\\src\\Illuminate\\Routing\\Pipeline.php(53): Illuminate\\Pipeline\\Pipeline->Illuminate\\Pipeline\\{closure}(Object(Illuminate\\Http\\Request))
#33 C:\\Users\\marll\\OneDrive\\Área de Trabalho\\Trabalho Final\\Alugae\\vendor\\laravel\\framework\\src\\Illuminate\\Routing\\Middleware\\ThrottleRequests.php(58): Illuminate\\Routing\\Pipeline->Illuminate\\Routing\\{closure}(Object(Illuminate\\Http\\Request))
#34 C:\\Users\\marll\\OneDrive\\Área de Trabalho\\Trabalho Final\\Alugae\\vendor\\laravel\\framework\\src\\Illuminate\\Pipeline\\Pipeline.php(163): Illuminate\\Routing\\Middleware\\ThrottleRequests->handle(Object(Illuminate\\Http\\Request), Object(Closure), 60, '1')
#35 C:\\Users\\marll\\OneDrive\\Área de Trabalho\\Trabalho Final\\Alugae\\vendor\\laravel\\framework\\src\\Illuminate\\Routing\\Pipeline.php(53): Illuminate\\Pipeline\\Pipeline->Illuminate\\Pipeline\\{closure}(Object(Illuminate\\Http\\Request))
#36 C:\\Users\\marll\\OneDrive\\Área de Trabalho\\Trabalho Final\\Alugae\\vendor\\laravel\\framework\\src\\Illuminate\\Pipeline\\Pipeline.php(104): Illuminate\\Routing\\Pipeline->Illuminate\\Routing\\{closure}(Object(Illuminate\\Http\\Request))
#37 C:\\Users\\marll\\OneDrive\\Área de Trabalho\\Trabalho Final\\Alugae\\vendor\\laravel\\framework\\src\\Illuminate\\Routing\\Router.php(684): Illuminate\\Pipeline\\Pipeline->then(Object(Closure))
#38 C:\\Users\\marll\\OneDrive\\Área de Trabalho\\Trabalho Final\\Alugae\\vendor\\laravel\\framework\\src\\Illuminate\\Routing\\Router.php(659): Illuminate\\Routing\\Router->runRouteWithinStack(Object(Illuminate\\Routing\\Route), Object(Illuminate\\Http\\Request))
#39 C:\\Users\\marll\\OneDrive\\Área de Trabalho\\Trabalho Final\\Alugae\\vendor\\laravel\\framework\\src\\Illuminate\\Routing\\Router.php(625): Illuminate\\Routing\\Router->runRoute(Object(Illuminate\\Http\\Request), Object(Illuminate\\Routing\\Route))
#40 C:\\Users\\marll\\OneDrive\\Área de Trabalho\\Trabalho Final\\Alugae\\vendor\\laravel\\framework\\src\\Illuminate\\Routing\\Router.php(614): Illuminate\\Routing\\Router->dispatchToRoute(Object(Illuminate\\Http\\Request))
#41 C:\\Users\\marll\\OneDrive\\Área de Trabalho\\Trabalho Final\\Alugae\\vendor\\laravel\\framework\\src\\Illuminate\\Foundation\\Http\\Kernel.php(176): Illuminate\\Routing\\Router->dispatch(Object(Illuminate\\Http\\Request))
#42 C:\\Users\\marll\\OneDrive\\Área de Trabalho\\Trabalho Final\\Alugae\\vendor\\laravel\\framework\\src\\Illuminate\\Routing\\Pipeline.php(30): Illuminate\\Foundation\\Http\\Kernel->Illuminate\\Foundation\\Http\\{closure}(Object(Illuminate\\Http\\Request))
#43 C:\\Users\\marll\\OneDrive\\Área de Trabalho\\Trabalho Final\\Alugae\\vendor\\fideloper\\proxy\\src\\TrustProxies.php(57): Illuminate\\Routing\\Pipeline->Illuminate\\Routing\\{closure}(Object(Illuminate\\Http\\Request))
#44 C:\\Users\\marll\\OneDrive\\Área de Trabalho\\Trabalho Final\\Alugae\\vendor\\laravel\\framework\\src\\Illuminate\\Pipeline\\Pipeline.php(163): Fideloper\\Proxy\\TrustProxies->handle(Object(Illuminate\\Http\\Request), Object(Closure))
#45 C:\\Users\\marll\\OneDrive\\Área de Trabalho\\Trabalho Final\\Alugae\\vendor\\laravel\\framework\\src\\Illuminate\\Routing\\Pipeline.php(53): Illuminate\\Pipeline\\Pipeline->Illuminate\\Pipeline\\{closure}(Object(Illuminate\\Http\\Request))
#46 C:\\Users\\marll\\OneDrive\\Área de Trabalho\\Trabalho Final\\Alugae\\vendor\\laravel\\framework\\src\\Illuminate\\Foundation\\Http\\Middleware\\TransformsRequest.php(31): Illuminate\\Routing\\Pipeline->Illuminate\\Routing\\{closure}(Object(Illuminate\\Http\\Request))
#47 C:\\Users\\marll\\OneDrive\\Área de Trabalho\\Trabalho Final\\Alugae\\vendor\\laravel\\framework\\src\\Illuminate\\Pipeline\\Pipeline.php(163): Illuminate\\Foundation\\Http\\Middleware\\TransformsRequest->handle(Object(Illuminate\\Http\\Request), Object(Closure))
#48 C:\\Users\\marll\\OneDrive\\Área de Trabalho\\Trabalho Final\\Alugae\\vendor\\laravel\\framework\\src\\Illuminate\\Routing\\Pipeline.php(53): Illuminate\\Pipeline\\Pipeline->Illuminate\\Pipeline\\{closure}(Object(Illuminate\\Http\\Request))
#49 C:\\Users\\marll\\OneDrive\\Área de Trabalho\\Trabalho Final\\Alugae\\vendor\\laravel\\framework\\src\\Illuminate\\Foundation\\Http\\Middleware\\TransformsRequest.php(31): Illuminate\\Routing\\Pipeline->Illuminate\\Routing\\{closure}(Object(Illuminate\\Http\\Request))
#50 C:\\Users\\marll\\OneDrive\\Área de Trabalho\\Trabalho Final\\Alugae\\vendor\\laravel\\framework\\src\\Illuminate\\Pipeline\\Pipeline.php(163): Illuminate\\Foundation\\Http\\Middleware\\TransformsRequest->handle(Object(Illuminate\\Http\\Request), Object(Closure))
#51 C:\\Users\\marll\\OneDrive\\Área de Trabalho\\Trabalho Final\\Alugae\\vendor\\laravel\\framework\\src\\Illuminate\\Routing\\Pipeline.php(53): Illuminate\\Pipeline\\Pipeline->Illuminate\\Pipeline\\{closure}(Object(Illuminate\\Http\\Request))
#52 C:\\Users\\marll\\OneDrive\\Área de Trabalho\\Trabalho Final\\Alugae\\vendor\\laravel\\framework\\src\\Illuminate\\Foundation\\Http\\Middleware\\ValidatePostSize.php(27): Illuminate\\Routing\\Pipeline->Illuminate\\Routing\\{closure}(Object(Illuminate\\Http\\Request))
#53 C:\\Users\\marll\\OneDrive\\Área de Trabalho\\Trabalho Final\\Alugae\\vendor\\laravel\\framework\\src\\Illuminate\\Pipeline\\Pipeline.php(163): Illuminate\\Foundation\\Http\\Middleware\\ValidatePostSize->handle(Object(Illuminate\\Http\\Request), Object(Closure))
#54 C:\\Users\\marll\\OneDrive\\Área de Trabalho\\Trabalho Final\\Alugae\\vendor\\laravel\\framework\\src\\Illuminate\\Routing\\Pipeline.php(53): Illuminate\\Pipeline\\Pipeline->Illuminate\\Pipeline\\{closure}(Object(Illuminate\\Http\\Request))
#55 C:\\Users\\marll\\OneDrive\\Área de Trabalho\\Trabalho Final\\Alugae\\vendor\\laravel\\framework\\src\\Illuminate\\Foundation\\Http\\Middleware\\CheckForMaintenanceMode.php(62): Illuminate\\Routing\\Pipeline->Illuminate\\Routing\\{closure}(Object(Illuminate\\Http\\Request))
#56 C:\\Users\\marll\\OneDrive\\Área de Trabalho\\Trabalho Final\\Alugae\\vendor\\laravel\\framework\\src\\Illuminate\\Pipeline\\Pipeline.php(163): Illuminate\\Foundation\\Http\\Middleware\\CheckForMaintenanceMode->handle(Object(Illuminate\\Http\\Request), Object(Closure))
#57 C:\\Users\\marll\\OneDrive\\Área de Trabalho\\Trabalho Final\\Alugae\\vendor\\laravel\\framework\\src\\Illuminate\\Routing\\Pipeline.php(53): Illuminate\\Pipeline\\Pipeline->Illuminate\\Pipeline\\{closure}(Object(Illuminate\\Http\\Request))
#58 C:\\Users\\marll\\OneDrive\\Área de Trabalho\\Trabalho Final\\Alugae\\vendor\\laravel\\framework\\src\\Illuminate\\Pipeline\\Pipeline.php(104): Illuminate\\Routing\\Pipeline->Illuminate\\Routing\\{closure}(Object(Illuminate\\Http\\Request))
#59 C:\\Users\\marll\\OneDrive\\Área de Trabalho\\Trabalho Final\\Alugae\\vendor\\laravel\\framework\\src\\Illuminate\\Foundation\\Http\\Kernel.php(151): Illuminate\\Pipeline\\Pipeline->then(Object(Closure))
#60 C:\\Users\\marll\\OneDrive\\Área de Trabalho\\Trabalho Final\\Alugae\\vendor\\laravel\\framework\\src\\Illuminate\\Foundation\\Http\\Kernel.php(116): Illuminate\\Foundation\\Http\\Kernel->sendRequestThroughRouter(Object(Illuminate\\Http\\Request))
#61 C:\\Users\\marll\\OneDrive\\Área de Trabalho\\Trabalho Final\\Alugae\\public\\index.php(55): Illuminate\\Foundation\\Http\\Kernel->handle(Object(Illuminate\\Http\\Request))
#62 C:\\Users\\marll\\OneDrive\\Área de Trabalho\\Trabalho Final\\Alugae\\server.php(21): require_once('C:\\\\Users\\\\marll\\\\...')
#63 {main}
"} 
